2025-06-10 10:35:37,268 - INFO - 开始处理销售数据，输入文件：sales_data.csv
2025-06-10 10:35:37,269 - INFO - 当前工作目录：C:\Users\LIN\AppData\Roaming\JetBrains\PyCharm2025.1\Project\实训
2025-06-10 10:35:37,272 - INFO - 成功读取数据，共98行记录
2025-06-10 10:35:37,272 - WARNING - 文件只有98行，少于100行要求
2025-06-10 10:35:37,272 - INFO - 共98行数据，正在开始处理
2025-06-10 10:35:37,286 - INFO - 填充了 0 个缺失的销量值，使用均值: 13
2025-06-10 10:35:37,287 - INFO - 填充了 0 个缺失的价格值，使用中位数: 600.00
2025-06-10 10:35:37,288 - INFO - 移除了 10 条异常记录（销量<0或价格>1000或价格<=0）
2025-06-10 10:35:37,289 - INFO - 计算统计指标...
2025-06-10 10:35:37,297 - INFO - 清洗后的数据已经保存到：cleaned_sales_data.csv (有88行记录）
2025-06-10 10:35:37,302 - INFO - 统计报告已保存至: slaes_data_report.txt
2025-06-10 10:35:37,302 - INFO - 数据处理完成!
2025-06-10 15:53:12,560 - INFO - 开始处理销售数据，输入文件：sales_data.csv
2025-06-10 15:53:12,561 - INFO - 当前工作目录：C:\Users\LIN\AppData\Roaming\JetBrains\PyCharm2025.1\Project\实训
2025-06-10 15:53:12,572 - INFO - 成功读取数据，共98行记录
2025-06-10 15:53:12,573 - WARNING - 文件只有98行，少于100行要求
2025-06-10 15:53:12,573 - INFO - 共98行数据，正在开始处理
2025-06-10 15:53:12,627 - INFO - 填充了 0 个缺失的销量值，使用均值: 13
2025-06-10 15:53:12,634 - INFO - 填充了 0 个缺失的价格值，使用中位数: 600.00
2025-06-10 15:53:12,636 - INFO - 移除了 10 条异常记录（销量<0或价格>1000或价格<=0）
2025-06-10 15:53:12,637 - INFO - 计算统计指标...
2025-06-10 15:53:12,654 - INFO - 清洗后的数据已经保存到：cleaned_sales_data.csv (有88行记录）
2025-06-10 15:53:12,666 - INFO - 统计报告已保存至: slaes_data_report.txt
2025-06-10 15:53:12,666 - INFO - 数据处理完成!
2025-06-12 15:20:27,483 - INFO - 开始处理销售数据，输入文件：sales_data.csv
2025-06-12 15:20:27,483 - INFO - 当前工作目录：C:\Users\LIN\AppData\Roaming\JetBrains\PyCharm2025.1\Project\实训\Pj1
2025-06-12 15:20:27,488 - INFO - 成功读取数据，共98行记录
2025-06-12 15:20:27,488 - WARNING - 文件只有98行，少于100行要求
2025-06-12 15:20:27,488 - INFO - 共98行数据，正在开始处理
2025-06-12 15:20:27,511 - INFO - 填充了 0 个缺失的销量值，使用均值: 13
2025-06-12 15:20:27,515 - INFO - 填充了 0 个缺失的价格值，使用中位数: 600.00
2025-06-12 15:20:27,515 - INFO - 移除了 10 条异常记录（销量<0或价格>1000或价格<=0）
2025-06-12 15:20:27,515 - INFO - 计算统计指标...
2025-06-12 15:20:27,526 - INFO - 清洗后的数据已经保存到：cleaned_sales_data.csv (有88行记录）
2025-06-12 15:20:27,534 - INFO - 统计报告已保存至: slaes_data_report.txt
2025-06-12 15:20:27,534 - INFO - 数据处理完成!
